<?xml version="1.0" encoding="UTF-8"?>
<testng-results skipped="0" failed="0" ignored="0" total="3" passed="3">
  <reporter-output>
  </reporter-output>
  <suite name="Suite" duration-ms="52765" started-at="2020-01-25T17:13:46Z" finished-at="2020-01-25T17:14:39Z">
    <groups>
    </groups>
    <test name="Test" duration-ms="52765" started-at="2020-01-25T17:13:46Z" finished-at="2020-01-25T17:14:39Z">
      <class name="TestCases.TC_001">
        <test-method status="PASS" signature="testcase1()[pri:0, instance:TestCases.TC_001@4b9e13df]" name="testcase1" duration-ms="16065" started-at="2020-01-25T17:14:23Z" finished-at="2020-01-25T17:14:39Z">
          <reporter-output>
          </reporter-output>
        </test-method> <!-- testcase1 -->
      </class> <!-- TestCases.TC_001 -->
      <class name="TestCases.TC_002">
        <test-method status="PASS" signature="testcase2()[pri:0, instance:TestCases.TC_002@cb5822]" name="testcase2" duration-ms="16302" started-at="2020-01-25T17:14:06Z" finished-at="2020-01-25T17:14:23Z">
          <reporter-output>
          </reporter-output>
        </test-method> <!-- testcase2 -->
      </class> <!-- TestCases.TC_002 -->
      <class name="TestCases.TC_003">
        <test-method status="PASS" signature="testcase3()[pri:0, instance:TestCases.TC_003@55f3ddb1]" name="testcase3" duration-ms="20326" started-at="2020-01-25T17:13:46Z" finished-at="2020-01-25T17:14:06Z">
          <reporter-output>
          </reporter-output>
        </test-method> <!-- testcase3 -->
      </class> <!-- TestCases.TC_003 -->
    </test> <!-- Test -->
  </suite> <!-- Suite -->
</testng-results>
