<?xml version="1.0" encoding="UTF-8"?>
<testng-results skipped="0" failed="0" ignored="0" total="1" passed="1">
  <reporter-output>
  </reporter-output>
  <suite name="Default suite" duration-ms="15503" started-at="2020-01-25T03:24:16Z" finished-at="2020-01-25T03:24:32Z">
    <groups>
    </groups>
    <test name="Default test" duration-ms="15503" started-at="2020-01-25T03:24:16Z" finished-at="2020-01-25T03:24:32Z">
      <class name="TC_001">
        <test-method status="PASS" signature="testcase1()[pri:0, instance:TC_001@2a2d45ba]" name="testcase1" duration-ms="15435" started-at="2020-01-25T03:24:16Z" finished-at="2020-01-25T03:24:32Z">
          <reporter-output>
          </reporter-output>
        </test-method> <!-- testcase1 -->
      </class> <!-- TC_001 -->
    </test> <!-- Default test -->
  </suite> <!-- Default suite -->
</testng-results>
